<?xml version="1.0" encoding="UTF-8"?>
<!-- Generated by org.testng.reporters.JUnitReportReporter -->
<testsuite hostname="admatic-PC" name="test.NewTestexample" tests="1" failures="0" timestamp="19 Jan 2018 13:27:33 GMT" time="1.273" errors="0">
  <testcase name="testselenium" time="1.273" classname="test.NewTestexample"/>
</testsuite> <!-- test.NewTestexample -->
